[    0.000000] Linux version 4.15.0-212-generic (buildd@lcy02-amd64-083) (gcc version 7.5.0 (Ubuntu 7.5.0-3ubuntu1~18.04)) #223-Ubuntu SMP Tue May 23 13:09:22 UTC 2023 (Ubuntu 4.15.0-212.223-generic 4.15.18)
[    0.000000] Command line: BOOT_IMAGE=/boot/vmlinuz-4.15.0-212-generic root=LABEL=cloudimg-rootfs ro console=tty1 console=ttyS0
[    0.000000] KERNEL supported cpus:
[    0.000000]   Intel GenuineIntel
[    0.000000]   AMD AuthenticAMD
[    0.000000]   Centaur CentaurHauls
[    0.000000] x86/fpu: x87 FPU will use FXSAVE
[    0.000000] e820: BIOS-provided physical RAM map:
[    0.000000] BIOS-e820: [mem 0x0000000000000000-0x000000000009fbff] usable
[    0.000000] BIOS-e820: [mem 0x000000000009fc00-0x000000000009ffff] reserved
[    0.000000] BIOS-e820: [mem 0x00000000000f0000-0x00000000000fffff] reserved
[    0.000000] BIOS-e820: [mem 0x0000000000100000-0x000000003ffeffff] usable
[    0.000000] BIOS-e820: [mem 0x000000003fff0000-0x000000003fffffff] ACPI data
[    0.000000] BIOS-e820: [mem 0x00000000fec00000-0x00000000fec00fff] reserved
[    0.000000] BIOS-e820: [mem 0x00000000fee00000-0x00000000fee00fff] reserved
[    0.000000] BIOS-e820: [mem 0x00000000fffc0000-0x00000000ffffffff] reserved
[    0.000000] NX (Execute Disable) protection: active
[    0.000000] SMBIOS 2.5 present.
[    0.000000] DMI: innotek GmbH VirtualBox/VirtualBox, BIOS VirtualBox 12/01/2006
[    0.000000] Hypervisor detected: KVM
[    0.000000] e820: last_pfn = 0x3fff0 max_arch_pfn = 0x400000000
[    0.000000] MTRR: Disabled
[    0.000000] x86/PAT: MTRRs disabled, skipping PAT initialization too.
[    0.000000] CPU MTRRs all blank - virtualized system.
[    0.000000] x86/PAT: Configuration [0-7]: WB  WT  UC- UC  WB  WT  UC- UC  
[    0.000000] found SMP MP-table at [mem 0x0009fff0-0x0009ffff]
[    0.000000] Scanning 1 areas for low memory corruption
[    0.000000] RAMDISK: [mem 0x359cb000-0x36cdcfff]
[    0.000000] ACPI: Early table checksum verification disabled
[    0.000000] ACPI: RSDP 0x00000000000E0000 000024 (v02 VBOX  )
[    0.000000] ACPI: XSDT 0x000000003FFF0030 00003C (v01 VBOX   VBOXXSDT 00000001 ASL  00000061)
[    0.000000] ACPI: FACP 0x000000003FFF00F0 0000F4 (v04 VBOX   VBOXFACP 00000001 ASL  00000061)
[    0.000000] ACPI: DSDT 0x000000003FFF0610 002353 (v02 VBOX   VBOXBIOS 00000002 INTL 20100528)
[    0.000000] ACPI: FACS 0x000000003FFF0200 000040
[    0.000000] ACPI: FACS 0x000000003FFF0200 000040
[    0.000000] ACPI: APIC 0x000000003FFF0240 00005C (v02 VBOX   VBOXAPIC 00000001 ASL  00000061)
[    0.000000] ACPI: SSDT 0x000000003FFF02A0 00036C (v01 VBOX   VBOXCPUT 00000002 INTL 20100528)
[    0.000000] ACPI: Reserving FACP table memory at [mem 0x3fff00f0-0x3fff01e3]
[    0.000000] ACPI: Reserving DSDT table memory at [mem 0x3fff0610-0x3fff2962]
[    0.000000] ACPI: Reserving FACS table memory at [mem 0x3fff0200-0x3fff023f]
[    0.000000] ACPI: Reserving FACS table memory at [mem 0x3fff0200-0x3fff023f]
[    0.000000] ACPI: Reserving APIC table memory at [mem 0x3fff0240-0x3fff029b]
[    0.000000] ACPI: Reserving SSDT table memory at [mem 0x3fff02a0-0x3fff060b]
[    0.000000] No NUMA configuration found
[    0.000000] Faking a node at [mem 0x0000000000000000-0x000000003ffeffff]
[    0.000000] NODE_DATA(0) allocated [mem 0x3ffc5000-0x3ffeffff]
[    0.000000] kvm-clock: cpu 0, msr 0:3ff44001, primary cpu clock
[    0.000000] kvm-clock: Using msrs 4b564d01 and 4b564d00
[    0.000000] kvm-clock: using sched offset of 4839962159 cycles
[    0.000000] clocksource: kvm-clock: mask: 0xffffffffffffffff max_cycles: 0x1cd42e4dffb, max_idle_ns: 881590591483 ns
[    0.000000] Zone ranges:
[    0.000000]   DMA      [mem 0x0000000000001000-0x0000000000ffffff]
[    0.000000]   DMA32    [mem 0x0000000001000000-0x000000003ffeffff]
[    0.000000]   Normal   empty
[    0.000000]   Device   empty
[    0.000000] Movable zone start for each node
[    0.000000] Early memory node ranges
[    0.000000]   node   0: [mem 0x0000000000001000-0x000000000009efff]
[    0.000000]   node   0: [mem 0x0000000000100000-0x000000003ffeffff]
[    0.000000] Reserved but unavailable: 104 pages
[    0.000000] Initmem setup node 0 [mem 0x0000000000001000-0x000000003ffeffff]
[    0.000000] ACPI: PM-Timer IO Port: 0x4008
[    0.000000] IOAPIC[0]: apic_id 2, version 32, address 0xfec00000, GSI 0-23
[    0.000000] ACPI: INT_SRC_OVR (bus 0 bus_irq 0 global_irq 2 dfl dfl)
[    0.000000] ACPI: INT_SRC_OVR (bus 0 bus_irq 9 global_irq 9 low level)
[    0.000000] Using ACPI (MADT) for SMP configuration information
[    0.000000] smpboot: Allowing 2 CPUs, 0 hotplug CPUs
[    0.000000] PM: Registered nosave memory: [mem 0x00000000-0x00000fff]
[    0.000000] PM: Registered nosave memory: [mem 0x0009f000-0x0009ffff]
[    0.000000] PM: Registered nosave memory: [mem 0x000a0000-0x000effff]
[    0.000000] PM: Registered nosave memory: [mem 0x000f0000-0x000fffff]
[    0.000000] e820: [mem 0x40000000-0xfebfffff] available for PCI devices
[    0.000000] Booting paravirtualized kernel on KVM
[    0.000000] clocksource: refined-jiffies: mask: 0xffffffff max_cycles: 0xffffffff, max_idle_ns: 7645519600211568 ns
[    0.000000] setup_percpu: NR_CPUS:8192 nr_cpumask_bits:2 nr_cpu_ids:2 nr_node_ids:1
[    0.000000] percpu: Embedded 50 pages/cpu s167936 r8192 d28672 u1048576
[    0.000000] PV qspinlock hash table entries: 256 (order: 0, 4096 bytes)
[    0.000000] Built 1 zonelists, mobility grouping on.  Total pages: 257913
[    0.000000] Policy zone: DMA32
[    0.000000] Kernel command line: BOOT_IMAGE=/boot/vmlinuz-4.15.0-212-generic root=LABEL=cloudimg-rootfs ro console=tty1 console=ttyS0
[    0.000000] Memory: 982644K/1048120K available (12300K kernel code, 2477K rwdata, 4324K rodata, 2480K init, 2720K bss, 65476K reserved, 0K cma-reserved)
[    0.000000] SLUB: HWalign=64, Order=0-3, MinObjects=0, CPUs=2, Nodes=1
[    0.000000] Kernel/User page tables isolation: enabled
[    0.000000] ftrace: allocating 39508 entries in 155 pages
[    0.004000] Hierarchical RCU implementation.
[    0.004000] 	RCU restricting CPUs from NR_CPUS=8192 to nr_cpu_ids=2.
[    0.004000] 	Tasks RCU enabled.
[    0.004000] RCU: Adjusting geometry for rcu_fanout_leaf=16, nr_cpu_ids=2
[    0.004000] NR_IRQS: 524544, nr_irqs: 440, preallocated irqs: 16
[    0.004000] random: crng init done
[    0.004000] Console: colour VGA+ 80x25
[    0.004000] console [tty1] enabled
[    0.004000] console [ttyS0] enabled
[    0.004000] ACPI: Core revision 20170831
[    0.004000] ACPI: 2 ACPI AML tables successfully acquired and loaded
[    0.004000] APIC: Switch to symmetric I/O mode setup
[    0.004000] ..TIMER: vector=0x30 apic1=0 pin1=2 apic2=-1 pin2=-1
[    0.004000] tsc: Detected 2693.764 MHz processor
[    0.004000] Calibrating delay loop (skipped) preset value.. 5387.52 BogoMIPS (lpj=10775056)
[    0.004011] pid_max: default: 32768 minimum: 301
[    0.008141] Security Framework initialized
[    0.012012] Yama: becoming mindful.
[    0.016204] AppArmor: AppArmor initialized
[    0.034079] Dentry cache hash table entries: 131072 (order: 8, 1048576 bytes)
[    0.041286] Inode-cache hash table entries: 65536 (order: 7, 524288 bytes)
[    0.044173] Mount-cache hash table entries: 2048 (order: 2, 16384 bytes)
[    0.048140] Mountpoint-cache hash table entries: 2048 (order: 2, 16384 bytes)
[    0.056000] Last level iTLB entries: 4KB 1024, 2MB 1024, 4MB 1024
[    0.056010] Last level dTLB entries: 4KB 1024, 2MB 1024, 4MB 1024, 1GB 4
[    0.060012] Spectre V1 : Mitigation: usercopy/swapgs barriers and __user pointer sanitization
[    0.064010] Spectre V2 : Mitigation: Retpolines
[    0.068008] Spectre V2 : Spectre v2 / SpectreRSB mitigation: Filling RSB on context switch
[    0.072008] Spectre V2 : Spectre v2 / SpectreRSB : Filling RSB on VMEXIT
[    0.076010] Speculative Store Bypass: Vulnerable
[    0.080076] MDS: Mitigation: Clear CPU buffers
[    0.084006] MMIO Stale Data: Unknown: No mitigations
[    0.088011] SRBDS: Unknown: Dependent on hypervisor status
[    0.092302] Freeing SMP alternatives memory: 36K
[    0.208006] APIC calibration not consistent with PM-Timer: 98ms instead of 100ms
[    0.212000] APIC delta adjusted to PM-Timer: 6254659 (6189694)
[    0.212939] smpboot: CPU0: Intel(R) Core(TM) i7-4600U CPU @ 2.10GHz (family: 0x6, model: 0x45, stepping: 0x1)
[    0.216000] Performance Events: unsupported p6 CPU model 69 no PMU driver, software events only.
[    0.216000] Hierarchical SRCU implementation.
[    0.216000] NMI watchdog: Perf event create on CPU 0 failed with -2
[    0.216000] NMI watchdog: Perf NMI watchdog permanently disabled
[    0.216556] smp: Bringing up secondary CPUs ...
[    0.221650] x86: Booting SMP configuration:
[    0.224109] .... node  #0, CPUs:      #1
[    0.004000] kvm-clock: cpu 1, msr 0:3ff44041, secondary cpu clock
[    0.251453] TSC synchronization [CPU#0 -> CPU#1]:
[    0.252000] Measured 96135 cycles TSC warp between CPUs, turning off TSC clock.
[    0.252000] tsc: Marking TSC unstable due to check_tsc_sync_source failed
[    0.256412] smp: Brought up 1 node, 2 CPUs
[    0.260013] smpboot: Max logical packages: 1
[    0.264015] smpboot: Total of 2 processors activated (10775.05 BogoMIPS)
[    0.276301] devtmpfs: initialized
[    0.280214] x86/mm: Memory block size: 128MB
[    0.284942] evm: security.selinux
[    0.288009] evm: security.SMACK64
[    0.292009] evm: security.SMACK64EXEC
[    0.296008] evm: security.SMACK64TRANSMUTE
[    0.300009] evm: security.SMACK64MMAP
[    0.304009] evm: security.apparmor
[    0.308012] evm: security.ima
[    0.312026] evm: security.capability
[    0.325227] clocksource: jiffies: mask: 0xffffffff max_cycles: 0xffffffff, max_idle_ns: 7645041785100000 ns
[    0.328046] futex hash table entries: 512 (order: 3, 32768 bytes)
[    0.336163] pinctrl core: initialized pinctrl subsystem
[    0.340726] RTC time:  4:27:55, date: 07/10/24
[    0.349555] NET: Registered protocol family 16
[    0.352212] audit: initializing netlink subsys (disabled)
[    0.356255] audit: type=2000 audit(1720585680.560:1): state=initialized audit_enabled=0 res=1
[    0.368009] cpuidle: using governor ladder
[    0.372011] cpuidle: using governor menu
[    0.376078] ACPI: bus type PCI registered
[    0.380006] acpiphp: ACPI Hot Plug PCI Controller Driver version: 0.5
[    0.384745] PCI: Using configuration type 1 for base access
[    0.392813] HugeTLB registered 2.00 MiB page size, pre-allocated 0 pages
[    0.404686] ACPI: Added _OSI(Module Device)
[    0.408011] ACPI: Added _OSI(Processor Device)
[    0.412012] ACPI: Added _OSI(3.0 _SCP Extensions)
[    0.416006] ACPI: Added _OSI(Processor Aggregator Device)
[    0.420009] ACPI: Added _OSI(Linux-Dell-Video)
[    0.424015] ACPI: Added _OSI(Linux-Lenovo-NV-HDMI-Audio)
[    0.428010] ACPI: Added _OSI(Linux-HPI-Hybrid-Graphics)
[    0.433454] ACPI: Executed 1 blocks of module-level executable AML code
[    0.442882] ACPI: Interpreter enabled
[    0.444016] ACPI: (supports S0 S5)
[    0.448005] ACPI: Using IOAPIC for interrupt routing
[    0.452606] PCI: Using host bridge windows from ACPI; if necessary, use "pci=nocrs" and report a bug
[    0.456337] ACPI: Enabled 2 GPEs in block 00 to 07
[    0.476000] ACPI: PCI Root Bridge [PCI0] (domain 0000 [bus 00-ff])
[    0.476015] acpi PNP0A03:00: _OSC: OS supports [ASPM ClockPM Segments MSI]
[    0.481186] acpi PNP0A03:00: _OSC: not requesting OS control; OS requires [ExtendedConfig ASPM ClockPM MSI]
[    0.484028] acpi PNP0A03:00: fail to add MMCONFIG information, can't access extended PCI configuration space under this bridge.
[    0.490554] PCI host bridge to bus 0000:00
[    0.492018] pci_bus 0000:00: root bus resource [io  0x0000-0x0cf7 window]
[    0.496015] pci_bus 0000:00: root bus resource [io  0x0d00-0xffff window]
[    0.500010] pci_bus 0000:00: root bus resource [mem 0x000a0000-0x000bffff window]
[    0.504016] pci_bus 0000:00: root bus resource [mem 0x40000000-0xfdffffff window]
[    0.508010] pci_bus 0000:00: root bus resource [bus 00-ff]
[    0.525515] pci 0000:00:01.1: legacy IDE quirk: reg 0x10: [io  0x01f0-0x01f7]
[    0.528008] pci 0000:00:01.1: legacy IDE quirk: reg 0x14: [io  0x03f6]
[    0.532007] pci 0000:00:01.1: legacy IDE quirk: reg 0x18: [io  0x0170-0x0177]
[    0.536016] pci 0000:00:01.1: legacy IDE quirk: reg 0x1c: [io  0x0376]
[    0.570288] pci 0000:00:07.0: quirk: [io  0x4000-0x403f] claimed by PIIX4 ACPI
[    0.572062] pci 0000:00:07.0: quirk: [io  0x4100-0x410f] claimed by PIIX4 SMB
[    0.603203] ACPI: PCI Interrupt Link [LNKA] (IRQs 5 9 10 *11)
[    0.605222] ACPI: PCI Interrupt Link [LNKB] (IRQs 5 9 *10 11)
[    0.608879] ACPI: PCI Interrupt Link [LNKC] (IRQs 5 *9 10 11)
[    0.612703] ACPI: PCI Interrupt Link [LNKD] (IRQs 5 9 10 *11)
[    0.617616] SCSI subsystem initialized
[    0.624551] pci 0000:00:02.0: vgaarb: setting as boot VGA device
[    0.628000] pci 0000:00:02.0: vgaarb: VGA device added: decodes=io+mem,owns=io+mem,locks=none
[    0.628019] pci 0000:00:02.0: vgaarb: bridge control possible
[    0.632015] vgaarb: loaded
[    0.636187] ACPI: bus type USB registered
[    0.640063] usbcore: registered new interface driver usbfs
[    0.644083] usbcore: registered new interface driver hub
[    0.648032] usbcore: registered new device driver usb
[    0.656018] EDAC MC: Ver: 3.0.0
[    0.668770] PCI: Using ACPI for IRQ routing
[    0.677060] NetLabel: Initializing
[    0.680009] NetLabel:  domain hash size = 128
[    0.684009] NetLabel:  protocols = UNLABELED CIPSOv4 CALIPSO
[    0.688048] NetLabel:  unlabeled traffic allowed by default
[    0.696014] clocksource: Switched to clocksource kvm-clock
[    0.731645] VFS: Disk quotas dquot_6.6.0
[    0.731645] VFS: Dquot-cache hash table entries: 512 (order 0, 4096 bytes)
[    0.731645] AppArmor: AppArmor Filesystem Enabled
[    0.731645] pnp: PnP ACPI init
[    0.731645] pnp: PnP ACPI: found 3 devices
[    0.897589] clocksource: acpi_pm: mask: 0xffffff max_cycles: 0xffffff, max_idle_ns: 2085701024 ns
[    0.900551] NET: Registered protocol family 2
[    0.900551] IP idents hash table entries: 16384 (order: 5, 131072 bytes)
[    0.922979] TCP established hash table entries: 8192 (order: 4, 65536 bytes)
[    0.931411] TCP bind hash table entries: 8192 (order: 5, 131072 bytes)
[    0.935053] TCP: Hash tables configured (established 8192 bind 8192)
[    0.935053] UDP hash table entries: 512 (order: 2, 16384 bytes)
[    0.935053] UDP-Lite hash table entries: 512 (order: 2, 16384 bytes)
[    0.935053] NET: Registered protocol family 1
[    0.935053] pci 0000:00:00.0: Limiting direct PCI/PCI transfers
[    0.935053] pci 0000:00:01.0: Activating ISA DMA hang workarounds
[    0.935053] pci 0000:00:02.0: Video device with shadowed ROM at [mem 0x000c0000-0x000dffff]
[    0.935053] Unpacking initramfs...
[    2.611259] Freeing initrd memory: 19528K
[    2.631437] clocksource: tsc: mask: 0xffffffffffffffff max_cycles: 0x26d43bb7f27, max_idle_ns: 440795270902 ns
[    2.655152] platform rtc_cmos: registered platform RTC device (no PNP device found)
[    2.672993] Scanning for low memory corruption every 60 seconds
[    2.692473] Initialise system trusted keyrings
[    2.702878] Key type blacklist registered
[    2.712897] workingset: timestamp_bits=36 max_order=18 bucket_order=0
[    2.732067] zbud: loaded
[    2.741140] squashfs: version 4.0 (2009/01/31) Phillip Lougher
[    2.755134] fuse init (API version 7.26)
[    2.830227] Key type asymmetric registered
[    2.838996] Asymmetric key parser 'x509' registered
[    2.850559] Block layer SCSI generic (bsg) driver version 0.4 loaded (major 246)
[    2.868875] io scheduler noop registered
[    2.877031] io scheduler deadline registered
[    2.886681] io scheduler cfq registered (default)
[    2.897985] ACPI: AC Adapter [AC] (off-line)
[    2.906811] input: Power Button as /devices/LNXSYSTM:00/LNXPWRBN:00/input/input0
[    2.921996] ACPI: Power Button [PWRF]
[    2.929556] input: Sleep Button as /devices/LNXSYSTM:00/LNXSLPBN:00/input/input1
[    2.944241] ACPI: Sleep Button [SLPF]
[    2.957312] Serial: 8250/16550 driver, 32 ports, IRQ sharing enabled
[    2.957958] ACPI: Battery Slot [BAT0] (battery present)
[    3.037792] 00:02: ttyS0 at I/O 0x3f8 (irq = 4, base_baud = 115200) is a 16550A
[    3.069423] Linux agpgart interface v0.103
[    3.101067] loop: module loaded
[    3.131361] scsi host0: ata_piix
[    3.142280] scsi host1: ata_piix
[    3.149936] ata1: PATA max UDMA/33 cmd 0x1f0 ctl 0x3f6 bmdma 0xd000 irq 14
[    3.164255] ata2: PATA max UDMA/33 cmd 0x170 ctl 0x376 bmdma 0xd008 irq 15
[    3.173677] tun: Universal TUN/TAP device driver, 1.6
[    3.182081] PPP generic driver version 2.4.2
[    3.188122] ehci_hcd: USB 2.0 'Enhanced' Host Controller (EHCI) Driver
[    3.197166] ehci-pci: EHCI PCI platform driver
[    3.205926] ehci-platform: EHCI generic platform driver
[    3.217119] ohci_hcd: USB 1.1 'Open' Host Controller (OHCI) Driver
[    3.227500] ohci-pci: OHCI PCI platform driver
[    3.238884] ohci-platform: OHCI generic platform driver
[    3.249094] uhci_hcd: USB Universal Host Controller Interface driver
[    3.263182] i8042: PNP: PS/2 Controller [PNP0303:PS2K,PNP0f03:PS2M] at 0x60,0x64 irq 1,12
[    3.286822] serio: i8042 KBD port at 0x60,0x64 irq 1
[    3.297009] serio: i8042 AUX port at 0x60,0x64 irq 12
[    3.312094] mousedev: PS/2 mouse device common for all mice
[    3.327541] input: AT Translated Set 2 keyboard as /devices/platform/i8042/serio0/input/input2
[    3.327976] rtc_cmos rtc_cmos: rtc core: registered rtc_cmos as rtc0
[    3.359909] rtc_cmos rtc_cmos: alarms up to one day, 114 bytes nvram
[    3.373003] i2c /dev entries driver
[    3.381281] device-mapper: uevent: version 1.0.3
[    3.403299] device-mapper: ioctl: 4.37.0-ioctl (2017-09-20) initialised: dm-devel@redhat.com
[    3.440928] ledtrig-cpu: registered to indicate activity on CPUs
[    3.452408] NET: Registered protocol family 10
[    3.474408] Segment Routing with IPv6
[    3.479900] NET: Registered protocol family 17
[    3.486969] Key type dns_resolver registered
[    3.493916] mce: Using 0 MCE banks
[    3.499589] RAS: Correctable Errors collector initialized.
[    3.509044] sched_clock: Marking stable (3508925670, 0)->(5236591501, -1727665831)
[    3.524801] registered taskstats version 1
[    3.530425] Loading compiled-in X.509 certificates
[    3.547146] Loaded X.509 cert 'Build time autogenerated kernel key: b5b26778eaa3ab3a4a6cee031137706e947d12ad'
[    3.568578] Loaded X.509 cert 'Canonical Ltd. Live Patch Signing: 14df34d1a87cf37625abec039ef2bf521249b969'
[    3.597248] Loaded X.509 cert 'Canonical Ltd. Kernel Module Signing: 88f752e560a1e0737e31163a466ad7b70a850c19'
[    3.626234] blacklist: Loading compiled-in revocation X.509 certificates
[    3.640623] Loaded X.509 cert 'Canonical Ltd. Secure Boot Signing: 61482aa2830d0ab2ad5af10b7250da9033ddcef0'
[    3.671401] Loaded X.509 cert 'Canonical Ltd. Secure Boot Signing (2017): 242ade75ac4a15e50d50c84b0d45ff3eae707a03'
[    3.696682] Loaded X.509 cert 'Canonical Ltd. Secure Boot Signing (ESM 2018): 365188c1d374d6b07c3c8f240f8ef722433d6a8b'
[    3.721286] Loaded X.509 cert 'Canonical Ltd. Secure Boot Signing (2019): c0746fd6c5da3ae827864651ad66ae47fe24b3e8'
[    3.739583] Loaded X.509 cert 'Canonical Ltd. Secure Boot Signing (2021 v1): a8d54bbb3825cfb94fa13c9f8a594a195c107b8d'
[    3.759718] Loaded X.509 cert 'Canonical Ltd. Secure Boot Signing (2021 v2): 4cf046892d6fd3c9a5b03f98d845f90851dc6a8c'
[    3.779438] Loaded X.509 cert 'Canonical Ltd. Secure Boot Signing (2021 v3): 100437bb6de6e469b581e61cd66bce3ef4ed53af'
[    3.799177] Loaded X.509 cert 'Canonical Ltd. Secure Boot Signing (Ubuntu Core 2019): c1d57b8f6b743f23ee41f4f7ee292f06eecadfb9'
[    3.818640] zswap: loaded using pool lzo/zbud
[    3.853448] Key type big_key registered
[    3.860566] Key type trusted registered
[    3.876469] Key type encrypted registered
[    3.883624] AppArmor: AppArmor sha1 policy hashing enabled
[    3.895568] ima: No TPM chip found, activating TPM-bypass! (rc=-19)
[    3.908748] ima: Allocated hash algorithm: sha1
[    3.918520] evm: HMAC attrs: 0x1
[    3.927507]   Magic number: 0:106:464
[    3.939193] rtc_cmos rtc_cmos: setting system clock to 2024-07-10 04:27:59 UTC (1720585679)
[    3.959500] BIOS EDD facility v0.16 2004-Jun-25, 0 devices found
[    3.974021] EDD information not available.
[    3.992548] Freeing unused kernel image memory: 2480K
[    4.016802] Write protecting the kernel read-only data: 20480k
[    4.035574] Freeing unused kernel image memory: 2008K
[    4.049435] Freeing unused kernel image memory: 1820K
[    4.065359] x86/mm: Checked W+X mappings: passed, no W+X pages found.
[    4.075182] x86/mm: Checking user space page tables
[    4.091915] x86/mm: Checked W+X mappings: passed, no W+X pages found.
Loading, please wait...
starting version 237
[    4.341780] e1000: Intel(R) PRO/1000 Network Driver - version 7.3.21-k8-NAPI
[    4.365296] e1000: Copyright (c) 1999-2006 Intel Corporation.
[    4.393746] Fusion MPT base driver 3.04.20
[    4.406700] Copyright (c) 1999-2008 LSI Corporation
[    4.486306] SSE version of gcm_enc/dec engaged.
[    4.521490] Fusion MPT SPI Host driver 3.04.20
[    4.662731] input: ImExPS/2 Generic Explorer Mouse as /devices/platform/i8042/serio1/input/input4
[    5.541676] e1000 0000:00:03.0 eth0: (PCI:33MHz:32-bit) 02:3b:7b:b7:3b:2d
[    5.550420] e1000 0000:00:03.0 eth0: Intel(R) PRO/1000 Network Connection
[    5.562596] mptbase: ioc0: Initiating bringup
[    5.687593] ioc0: LSI53C1030 A0: Capabilities={Initiator}
[    5.986855] scsi host2: ioc0: LSI53C1030 A0, FwRev=00000000h, Ports=1, MaxQ=256, IRQ=20
[    6.175869] scsi 2:0:0:0: Direct-Access     VBOX     HARDDISK         1.0  PQ: 0 ANSI: 5
[    6.492314] scsi target2:0:0: Beginning Domain Validation
[    6.551842] scsi target2:0:0: Domain Validation skipping write tests
[    6.595073] scsi target2:0:0: Ending Domain Validation
[    6.609835] scsi target2:0:0: asynchronous
[    6.650853] scsi 2:0:1:0: Direct-Access     VBOX     HARDDISK         1.0  PQ: 0 ANSI: 5
[    6.976953] scsi target2:0:1: Beginning Domain Validation
[    7.012735] scsi target2:0:1: Domain Validation skipping write tests
[    7.026339] scsi target2:0:1: Ending Domain Validation
[    7.039458] scsi target2:0:1: asynchronous
[    7.085588] sd 2:0:0:0: Attached scsi generic sg0 type 0
[    7.101671] sd 2:0:1:0: [sdb] 20480 512-byte logical blocks: (10.5 MB/10.0 MiB)
[    7.118990] sd 2:0:1:0: Attached scsi generic sg1 type 0
[    7.138686] sd 2:0:1:0: [sdb] Write Protect is off
[    7.150428] sd 2:0:1:0: [sdb] Incomplete mode parameter data
[    7.168995] sd 2:0:1:0: [sdb] Assuming drive cache: write through
[    7.184754] sd 2:0:0:0: [sda] 83886080 512-byte logical blocks: (42.9 GB/40.0 GiB)
[    7.202330] sd 2:0:0:0: [sda] Write Protect is off
[    7.214633] sd 2:0:0:0: [sda] Incomplete mode parameter data
[    7.224561] sd 2:0:0:0: [sda] Assuming drive cache: write through
[    7.279531]  sda: sda1
[    7.289700] sd 2:0:0:0: [sda] Attached SCSI disk
[    7.326676] sd 2:0:1:0: [sdb] Attached SCSI disk
[    7.550678] e1000 0000:00:08.0 eth1: (PCI:33MHz:32-bit) 08:00:27:89:77:f1
[    7.564728] e1000 0000:00:08.0 eth1: Intel(R) PRO/1000 Network Connection
[    7.582533] e1000 0000:00:03.0 enp0s3: renamed from eth0
[    7.605301] e1000 0000:00:08.0 enp0s8: renamed from eth1
Begin: Loading essential drivers ... [   11.316268] raid6: sse2x1   gen()  4153 MB/s
[   11.372125] raid6: sse2x1   xor()  6312 MB/s
[   11.425140] raid6: sse2x2   gen() 10616 MB/s
[   11.476124] raid6: sse2x2   xor()  5958 MB/s
[   11.528214] raid6: sse2x4   gen() 10695 MB/s
[   11.580206] raid6: sse2x4   xor()  7305 MB/s
[   11.585277] raid6: using algorithm sse2x4 gen() 10695 MB/s
[   11.591747] raid6: .... xor() 7305 MB/s, rmw enabled
[   11.599192] raid6: using ssse3x2 recovery algorithm
[   11.610192] xor: measuring software checksum speed
[   11.656180]    prefetch64-sse: 17944.000 MB/sec
[   11.704140]    generic_sse: 15752.000 MB/sec
[   11.709675] xor: using function: prefetch64-sse (17944.000 MB/sec)
[   11.721606] async_tx: api initialized (async)
done.
Begin: Running /scripts/init-premount ... done.
Begin: Mounting root file system ... Begin: Running /scripts/local-top ... done.
Begin: Running /scripts/local-premount ... [   11.881135] Btrfs loaded, crc32c=crc32c-intel
Scanning for Btrfs filesystems
done.
Warning: fsck not present, so skipping root file system
[   12.685601] EXT4-fs (sda1): mounted filesystem with ordered data mode. Opts: (null)
done.
Begin: Running /scripts/local-bottom ... done.
Begin: Running /scripts/init-bottom ... done.
[   16.320930] ip_tables: (C) 2000-2006 Netfilter Core Team
[   16.746024] systemd[1]: systemd 237 running in system mode. (+PAM +AUDIT +SELINUX +IMA +APPARMOR +SMACK +SYSVINIT +UTMP +LIBCRYPTSETUP +GCRYPT +GNUTLS +ACL +XZ +LZ4 +SECCOMP +BLKID +ELFUTILS +KMOD -IDN2 +IDN -PCRE2 default-hierarchy=hybrid)
[   16.810284] systemd[1]: Detected virtualization oracle.
[   16.816683] systemd[1]: Detected architecture x86-64.

Welcome to [1mUbuntu 18.04.6 LTS[0m!

[   16.890407] systemd[1]: Set hostname to <ubuntu>.
[   17.026388] systemd[1]: Initializing machine ID from random generator.
[   17.052367] systemd[1]: Installed transient /etc/machine-id file.
[   21.943553] systemd[1]: Created slice User and Session Slice.
[[0;32m  OK  [0m] Created slice User and Session Slice.
[   21.952985] systemd[1]: Reached target System Time Synchronized.
[[0;32m  OK  [0m] Reached target System Time Synchronized.
[   21.962746] systemd[1]: Reached target Swap.
[[0;32m  OK  [0m] Reached target Swap.
[   21.970262] systemd[1]: Started Forward Password Requests to Wall Directory Watch.
[[0;32m  OK  [0m] Started Forward Password Requests to Wall Directory Watch.
[   21.983023] systemd[1]: Created slice System Slice.
[[0;32m  OK  [0m] Created slice System Slice.
[   21.993226] systemd[1]: Listening on udev Control Socket.
[[0;32m  OK  [0m] Listening on udev Control Socket.
[   22.003318] systemd[1]: Listening on Device-mapper event daemon FIFOs.
[[0;32m  OK  [0m] Listening on Device-mapper event daemon FIFOs.
[   22.013989] systemd[1]: Listening on Journal Socket (/dev/log).
[[0;32m  OK  [0m] Listening on Journal Socket (/dev/log).
[   22.023801] systemd[1]: Listening on LVM2 poll daemon socket.
[[0;32m  OK  [0m] Listening on LVM2 poll daemon socket.
[   22.034238] systemd[1]: Created slice system-serial\x2dgetty.slice.
[[0;32m  OK  [0m] Created slice system-serial\x2dgetty.slice.
[[0;32m  OK  [0m] Listening on Journal Socket.
         Starting Create list of required st…ce nodes for the current kernel...
         Mounting Kernel Debug File System...
         Starting Uncomplicated firewall...
         Starting Set the console keyboard layout...
[[0;32m  OK  [0m] Listening on LVM2 metadata daemon socket.
[[0;32m  OK  [0m] Listening on Syslog Socket.
[[0;32m  OK  [0m] Listening on fsck to fsckd communication Socket.
         Starting File System Check on Root Device...
[[0;32m  OK  [0m] Listening on /dev/initctl Compatibility Named Pipe.
[[0;32m  OK  [0m] Reached target Slices.
         Starting Load Kernel Modules...
         Starting Monitoring of LVM2 mirrors…ng dmeventd or progress polling...
[[0;32m  OK  [0m] Set up automount Arbitrary Executab…rmats File System Automount Point.
         Mounting Huge Pages File System...
[[0;32m  OK  [0m] Listening on udev Kernel Socket.
         Starting udev Coldplug all Devices...
         Mounting POSIX Message Queue File System...
[[0;32m  OK  [0m] Listening on Journal Audit Socket.
         Starting Journal Service...
[[0;32m  OK  [0m] Reached target Mounting snaps.
[[0;32m  OK  [0m] Reached target Mounted snaps.
[[0;32m  OK  [0m] Listening on Network Service Netlink Socket.
[[0;32m  OK  [0m] Reached target User and Group Name Lookups.
[[0;32m  OK  [0m] Started Create list of required sta…vice nodes for the current kernel.
[[0;32m  OK  [0m] Mounted Kernel Debug File System.
[[0;32m  OK  [0m] Started Uncomplicated firewall.
[[0;32m  OK  [0m] Mounted Huge Pages File System.
[[0;32m  OK  [0m] Mounted POSIX Message Queue File System.
[[0;32m  OK  [0m] Started File System Check Daemon to report status.
         Starting Create Static Device Nodes in /dev...
[   22.466181] Loading iSCSI transport class v2.0-870.
[[0;32m  OK  [0m] Started File System Check on Root Device.
[[0;32m  OK  [0m] Started LVM2 metadata daemon.
         Starting Remount Root and Kernel File Systems...
[[0;32m  OK  [0m] Started Create Static Device Nodes in /dev.
[[0;32m  OK  [0m] Started udev Coldplug all Devices.
[   22.613751] iscsi: registered transport (tcp)
[[0;32m  OK  [0m] Started Journal Service.
[   22.677233] EXT4-fs (sda1): re-mounted. Opts: (null)
[[0;32m  OK  [0m] Started Remount Root and Kernel File Systems.
         Starting Flush Journal to Persistent Storage...
         Starting udev Kernel Device Manager...
         Starting Load/Save Random Seed...
[   22.741988] systemd-journald[413]: Received request to flush runtime journal from PID 1
[[0;32m  OK  [0m] Started Load/Save Random Seed.
[[0;32m  OK  [0m] Started udev Kernel Device Manager.
[[0;32m  OK  [0m] Started Monitoring of LVM2 mirrors,…sing dmeventd or progress polling.
[[0;32m  OK  [0m] Started Flush Journal to Persistent Storage.
[   22.906580] iscsi: registered transport (iser)
[[0;32m  OK  [0m] Started Load Kernel Modules.
         Mounting FUSE Control File System...
         Mounting Kernel Configuration File System...
         Starting Apply Kernel Variables...
[[0;32m  OK  [0m] Mounted Kernel Configuration File System.
[[0;32m  OK  [0m] Mounted FUSE Control File System.
[[0;32m  OK  [0m] Started Apply Kernel Variables.
[[0;32m  OK  [0m] Found device /dev/ttyS0.
[[0;32m  OK  [0m] Listening on Load/Save RF Kill Switch Status /dev/rfkill Watch.
         Mounting Arbitrary Executable File Formats File System...
[[0;32m  OK  [0m] Started Set the console keyboard layout.
[[0;32m  OK  [0m] Mounted Arbitrary Executable File Formats File System.
[[0;32m  OK  [0m] Reached target Local File Systems (Pre).
[[0;32m  OK  [0m] Reached target Local File Systems.
         Starting Set console font and keymap...
         Starting Create Volatile Files and Directories...
         Starting ebtables ruleset management...
         Starting Commit a transient machine-id on disk...
         Starting AppArmor initialization...
         Starting Tell Plymouth To Write Out Runtime Data...
[[0;32m  OK  [0m] Started Dispatch Password Requests to Console Directory Watch.
[[0;32m  OK  [0m] Reached target Local Encrypted Volumes.
[[0;32m  OK  [0m] Started Create Volatile Files and Directories.
         Starting Update UTMP about System Boot/Shutdown...
[[0;32m  OK  [0m] Started Tell Plymouth To Write Out Runtime Data.
[[0;32m  OK  [0m] Started Update UTMP about System Boot/Shutdown.
[[0;32m  OK  [0m] Started Commit a transient machine-id on disk.
[[0;32m  OK  [0m] Started ebtables ruleset management.
[[0;32m  OK  [0m] Started AppArmor initialization.
         Starting Load AppArmor profiles managed internally by snapd...
         Starting Initial cloud-init job (pre-networking)...
[[0;32m  OK  [0m] Started Load AppArmor profiles managed internally by snapd.
[[0;32m  OK  [0m] Started Set console font and keymap.
[   31.126446] cloud-init[775]: Cloud-init v. 23.1.2-0ubuntu0~18.04.1 running 'init-local' at Wed, 10 Jul 2024 04:28:26 +0000. Up 30.44 seconds.
[[0;32m  OK  [0m] Started Initial cloud-init job (pre-networking).
[[0;32m  OK  [0m] Reached target Network (Pre).
         Starting Network Service...
[[0;32m  OK  [0m] Started Network Service.
         Starting Wait for Network to be Configured...
         Starting Network Name Resolution...
[[0;32m  OK  [0m] Started Network Name Resolution.
[[0;32m  OK  [0m] Reached target Host and Network Name Lookups.
[[0;32m  OK  [0m] Reached target Network.
[[0;32m  OK  [0m] Started Wait for Network to be Configured.
         Starting Initial cloud-init job (metadata service crawler)...
[   34.643798] cloud-init[938]: Cloud-init v. 23.1.2-0ubuntu0~18.04.1 running 'init' at Wed, 10 Jul 2024 04:28:29 +0000. Up 33.47 seconds.
[   34.658523] cloud-init[938]: ci-info: ++++++++++++++++++++++++++++++++++++++Net device info+++++++++++++++++++++++++++++++++++++++
[   34.672213] cloud-init[938]: ci-info: +--------+-------+----------------------------+---------------+--------+-------------------+
[   34.683037] cloud-init[938]: ci-info: | Device |   Up  |          Address           |      Mask     | Scope  |     Hw-Address    |
[   34.691247] cloud-init[938]: ci-info: +--------+-------+----------------------------+---------------+--------+-------------------+
[   34.701745] cloud-init[938]: ci-info: | enp0s3 |  True |         10.0.2.15          | 255.255.255.0 | global | 02:3b:7b:b7:3b:2d |
[   34.709858] cloud-init[938]: ci-info: | enp0s3 |  True | fe80::3b:7bff:feb7:3b2d/64 |       .       |  link  | 02:3b:7b:b7:3b:2d |
[   34.718538] cloud-init[938]: ci-info: | enp0s8 | False |             .              |       .       |   .    | 08:00:27:89:77:f1 |
[   34.730937] cloud-init[938]: ci-info: |   lo   |  True |         127.0.0.1          |   255.0.0.0   |  host  |         .         |
[   34.738979] cloud-init[938]: ci-info: |   lo   |  True |          ::1/128           |       .       |  host  |         .         |
[   34.747575] cloud-init[938]: ci-info: +--------+-------+----------------------------+---------------+--------+-------------------+
[   34.755772] cloud-init[938]: ci-info: ++++++++++++++++++++++++++++Route IPv4 info+++++++++++++++++++++++++++++
[   34.765508] cloud-init[938]: ci-info: +-------+-------------+----------+-----------------+-----------+-------+
[   34.773190] cloud-init[938]: ci-info: | Route | Destination | Gateway  |     Genmask     | Interface | Flags |
[   34.780875] cloud-init[938]: ci-info: +-------+-------------+----------+-----------------+-----------+-------+
[   34.791403] cloud-init[938]: ci-info: |   0   |   0.0.0.0   | 10.0.2.2 |     0.0.0.0     |   enp0s3  |   UG  |
[   34.799866] cloud-init[938]: ci-info: |   1   |   10.0.2.0  | 0.0.0.0  |  255.255.255.0  |   enp0s3  |   U   |
[   34.807538] cloud-init[938]: ci-info: |   2   |   10.0.2.2  | 0.0.0.0  | 255.255.255.255 |   enp0s3  |   UH  |
[   34.815536] cloud-init[938]: ci-info: +-------+-------------+----------+-----------------+-----------+-------+
[   34.823094] cloud-init[938]: ci-info: +++++++++++++++++++Route IPv6 info+++++++++++++++++++
[   34.829642] cloud-init[938]: ci-info: +-------+-------------+---------+-----------+-------+
[   34.839224] cloud-init[938]: ci-info: | Route | Destination | Gateway | Interface | Flags |
[   34.849624] cloud-init[938]: ci-info: +-------+-------------+---------+-----------+-------+
[   34.857888] cloud-init[938]: ci-info: |   1   |  fe80::/64  |    ::   |   enp0s3  |   U   |
[   34.865827] cloud-init[938]: ci-info: |   3   |    local    |    ::   |   enp0s3  |   U   |
[   34.872906] cloud-init[938]: ci-info: |   4   |   ff00::/8  |    ::   |   enp0s3  |   U   |
[   34.881413] cloud-init[938]: ci-info: +-------+-------------+---------+-----------+-------+
[   38.145996] cloud-init[938]: Generating public/private rsa key pair.
[   38.154208] cloud-init[938]: Your identification has been saved in /etc/ssh/ssh_host_rsa_key.
[   38.163343] cloud-init[938]: Your public key has been saved in /etc/ssh/ssh_host_rsa_key.pub.
[   38.173900] cloud-init[938]: The key fingerprint is:
[   38.182163] cloud-init[938]: SHA256:HcGdqfTyXdS28F4jNAMNCrp+2Ql+eFPlnG4S74BkB6M root@ubuntu-bionic
[   38.191544] cloud-init[938]: The key's randomart image is:
[   38.198753] cloud-init[938]: +---[RSA 2048]----+
[   38.205859] cloud-init[938]: |       . ..++o  .|
[   38.212835] cloud-init[938]: |      . . +.+*  +|
[   38.219954] cloud-init[938]: |     .   =.o..=o.|
[   38.226474] cloud-init[938]: |      . ..=.=..+o|
[[0;32m  OK  [0m] Started Initial cloud-init job (metadata service crawler).[   38.236307] cloud-init[938]: |     . ESo.* =o.o|
[   38.240607] cloud-init[938]: |    . . B = = .. |
[   38.240678] cloud-init[938]: |     . = B o +   |
[   38.241456] cloud-init[938]: |      . o . =    |
[   38.242138] cloud-init[938]: |             .   |
[   38.242835] cloud-init[938]: +----[SHA256]-----+
[   38.243527] cloud-init[938]: Generating public/private dsa key pair.
[   38.245023] cloud-init[938]: Your identification has been saved in /etc/ssh/ssh_host_dsa_key.
[   38.245757] cloud-init[938]: Your public key has been saved in /etc/ssh/ssh_host_dsa_key.pub.
[   38.246495] cloud-init[938]: The key fingerprint is:
[   38.247246] cloud-init[938]: SHA256:RGGq2iFC1iee0BgPk3lCAE/OnfjixBR75C+6ZrUo6kc root@ubuntu-bionic
[   38.247969] cloud-init[938]: The key's randomart image is:
[   38.249472] cloud-init[938]: +---[DSA 1024]----+
[   38.250219] cloud-init[938]: |*== .   +.       |
[   38.250939] cloud-init[938]: | OOO . +         |
[   38.251690] cloud-init[938]: | =X==.. .        |
[   38.253181] cloud-init[938]: |oooo+o .         |
[   38.253916] cloud-init[938]: |. =o= . S        |
[   38.254644] cloud-init[938]: | + E.o           |
[   38.255363] cloud-init[938]: |  =o..           |
[   38.256898] cloud-init[938]: |. +o.            |
[   38.257550] cloud-init[938]: |+=o              |
[   38.258142] cloud-init[938]: +----[SHA256]-----+
[   38.258710] cloud-init[938]: Generating public/private ecdsa key pair.
[   38.259305] cloud-init[938]: Your identification has been saved in /etc/ssh/ssh_host_ecdsa_key.
[   38.259874] cloud-init[938]: Your public key has been saved in /etc/ssh/ssh_host_ecdsa_key.pub.
[   38.261604] cloud-init[938]: The key fingerprint is:
[   38.262288] cloud-init[938]: SHA256:zFnRxH2GzCHk6guL1klbewOTX7jpPfYDXpRxG3L6mwA root@ubuntu-bionic
[   38.263026] cloud-init[938]: The key's randomart image is:
[   38.263696] cloud-init[938]: +---[ECDSA 256]---+
[   38.265437] cloud-init[938]: |          .=++.o |
[   38.266175] cloud-init[938]: |           ooo=++|
[   38.266891] cloud-init[938]: |          . . +o*|
[   38.267607] cloud-init[938]: |       o o E . + |
[   38.268881] cloud-init[938]: |        S ....o  |
[   38.269491] cloud-init[938]: |        ..= .o.o |
[   38.270067] cloud-init[938]: |       o.+.=.++ o|
[   38.270663] cloud-init[938]: |      ..+o..*oo+ |
[   38.271274] cloud-init[938]: |     .. . .o.o.oo|
[   38.271840] cloud-init[938]: +----[SHA256]-----+
[   38.273122] cloud-init[938]: Generating public/private ed25519 key pair.
[   38.273736] cloud-init[938]: Your identification has been saved in /etc/ssh/ssh_host_ed25519_key.
[   38.274352] cloud-init[938]: Your public key has been saved in /etc/ssh/ssh_host_ed25519_key.pub.
[   38.274910] cloud-init[938]: The key fingerprint is:
[   38.275508] cloud-init[938]: SHA256:y5X7RNKUs2QcMI1JUWoZCHZgPR5lf5ERsXFYziasSM8 root@ubuntu-bionic
[   38.276383] cloud-init[938]: The key's randomart image is:
[   38.276792] cloud-init[938]: +--[ED25519 256]--+
[   38.277391] cloud-init[938]: |      =+.+OBo *Bo|
[   38.277982] cloud-init[938]: |     o .=.oB.+oB |
[   38.278547] cloud-init[938]: |       . o= O = +|
[   38.279114] cloud-init[938]: |        .o X = o |
[   38.279711] cloud-init[938]: |        S = E    |
[   38.281362] cloud-init[938]: |       . o +     |
[   38.281943] cloud-init[938]: |        o . .    |
[   38.282533] cloud-init[938]: |           o     |
[   38.283111] cloud-init[938]: |            .    |
[   38.283697] cloud-init[938]: +----[SHA256]-----+

[[0;32m  OK  [0m] Reached target Cloud-config availability.
[[0;32m  OK  [0m] Reached target Network is Online.
         Starting Availability of block devices...
[[0;32m  OK  [0m] Reached target Remote File Systems (Pre).
[[0;32m  OK  [0m] Reached target Remote File Systems.
[[0;32m  OK  [0m] Reached target System Initialization.
[[0;32m  OK  [0m] Started Ubuntu Advantage Timer for running repeated jobs.
         Starting Socket activation for snappy daemon.
[[0;32m  OK  [0m] Started Message of the Day.
[[0;32m  OK  [0m] Listening on UUID daemon activation socket.
[[0;32m  OK  [0m] Started ACPI Events Check.
[[0;32m  OK  [0m] Reached target Paths.
[[0;32m  OK  [0m] Listening on ACPID Listen Socket.
[[0;32m  OK  [0m] Listening on cloud-init hotplug hook socket.
[[0;32m  OK  [0m] Listening on Open-iSCSI iscsid Socket.
[[0;32m  OK  [0m] Started Daily Cleanup of Temporary Directories.
[[0;32m  OK  [0m] Listening on D-Bus System Message Bus Socket.
[[0;32m  OK  [0m] Started Discard unused blocks once a week.
[[0;32m  OK  [0m] Started Daily apt download activities.
[[0;32m  OK  [0m] Started Daily apt upgrade and clean activities.
[[0;32m  OK  [0m] Reached target Timers.
         Starting LXD - unix socket.
[[0;32m  OK  [0m] Started Availability of block devices.
[[0;32m  OK  [0m] Listening on Socket activation for snappy daemon.
[[0;32m  OK  [0m] Listening on LXD - unix socket.
[[0;32m  OK  [0m] Reached target Sockets.
[[0;32m  OK  [0m] Reached target Basic System.
[[0;32m  OK  [0m] Started D-Bus System Message Bus.
         Starting LSB: automatic crash report generation...
[[0;32m  OK  [0m] Started Deferred execution scheduler.
         Starting Accounts Service...
         Starting Dispatcher daemon for systemd-networkd...
         Starting Permit User Sessions...
         Starting System Logging Service...
         Starting LXD - container startup/shutdown...
[[0;32m  OK  [0m] Started irqbalance daemon.
         Starting Login Service...
[[0;32m  OK  [0m] Started Regular background program processing daemon.
[[0;32m  OK  [0m] Reached target Login Prompts (Pre).
         Starting LSB: Record successful boot for GRUB...
[[0;32m  OK  [0m] Started FUSE filesystem for LXC.
         Starting Virtualbox guest utils...
         Starting Pollinate to seed the pseudo random number generator...
         Starting Snap Daemon...
[[0;32m  OK  [0m] Started System Logging Service.
[[0;32m  OK  [0m] Started Permit User Sessions.
[[0;32m  OK  [0m] Started Login Service.
[[0;32m  OK  [0m] Started Unattended Upgrades Shutdown.
         Starting Authorization Manager...
         Starting Terminate Plymouth Boot Screen...
         Starting Hold until boot process finishes up...
[[0;32m  OK  [0m] Started Hold until boot process finishes up.
         Starting Set console scheme...
[[0;32m  OK  [0m] Started Serial Getty on ttyS0.
[[0;32m  OK  [0m] Started Terminate Plymouth Boot Screen.
[[0;32m  OK  [0m] Started LSB: automatic crash report generation.
[[0;32m  OK  [0m] Started Set console scheme.
[[0;32m  OK  [0m] Created slice system-getty.slice.
[[0;32m  OK  [0m] Started Getty on tty1.
[[0;32m  OK  [0m] Reached target Login Prompts.
[[0;32m  OK  [0m] Started LSB: Record successful boot for GRUB.
[[0;32m  OK  [0m] Started Authorization Manager.
[[0;32m  OK  [0m] Started Accounts Service.
[[0;32m  OK  [0m] Started Dispatcher daemon for systemd-networkd.
[[0;32m  OK  [0m] Started LXD - container startup/shutdown.
[[0;32m  OK  [0m] Started Virtualbox guest utils.
[[0;32m  OK  [0m] Started Pollinate to seed the pseudo random number generator.
         Starting OpenBSD Secure Shell server...
[[0;32m  OK  [0m] Started OpenBSD Secure Shell server.
[[0;32m  OK  [0m] Started Snap Daemon.
         Starting Wait until snapd is fully seeded...
[[0;32m  OK  [0m] Created slice User Slice of vagrant.
         Starting User Manager for UID 1000...
[[0;32m  OK  [0m] Started Session 1 of user vagrant.
[[0;32m  OK  [0m] Started User Manager for UID 1000.
         Starting Time & Date Service...
[[0;32m  OK  [0m] Started Time & Date Service.

Ubuntu 18.04.6 LTS ubuntu-bionic ttyS0

ubuntu-bionic login: [   52.184637] cloud-init[1554]: Cloud-init v. 23.1.2-0ubuntu0~18.04.1 running 'modules:config' at Wed, 10 Jul 2024 04:28:44 +0000. Up 49.42 seconds.
ci-info: no authorized SSH keys fingerprints found for user ubuntu.
<14>Jul 10 04:28:49 cloud-init: #############################################################
<14>Jul 10 04:28:49 cloud-init: -----BEGIN SSH HOST KEY FINGERPRINTS-----
<14>Jul 10 04:28:49 cloud-init: 1024 SHA256:RGGq2iFC1iee0BgPk3lCAE/OnfjixBR75C+6ZrUo6kc root@ubuntu-bionic (DSA)
<14>Jul 10 04:28:49 cloud-init: 256 SHA256:zFnRxH2GzCHk6guL1klbewOTX7jpPfYDXpRxG3L6mwA root@ubuntu-bionic (ECDSA)
<14>Jul 10 04:28:49 cloud-init: 256 SHA256:y5X7RNKUs2QcMI1JUWoZCHZgPR5lf5ERsXFYziasSM8 root@ubuntu-bionic (ED25519)
<14>Jul 10 04:28:49 cloud-init: 2048 SHA256:HcGdqfTyXdS28F4jNAMNCrp+2Ql+eFPlnG4S74BkB6M root@ubuntu-bionic (RSA)
<14>Jul 10 04:28:49 cloud-init: -----END SSH HOST KEY FINGERPRINTS-----
<14>Jul 10 04:28:49 cloud-init: #############################################################
-----BEGIN SSH HOST KEY KEYS-----
ecdsa-sha2-nistp256 AAAAE2VjZHNhLXNoYTItbmlzdHAyNTYAAAAIbmlzdHAyNTYAAABBBL6GGx08sHW2qqTJ6s/hEpoXibaaMscsuVp08RhXKA91elnoiAGPm6mNzzXh+kzPJGKblcJ7zhbZRVmlZ2e2KAs= root@ubuntu-bionic
ssh-ed25519 AAAAC3NzaC1lZDI1NTE5AAAAILSBjDlN0MdECfAeJhXIeJDmr3xxja+Qc06LZX3CXqzz root@ubuntu-bionic
ssh-rsa AAAAB3NzaC1yc2EAAAADAQABAAABAQD3g+hlwtj1EufcdL8/2kyD3ULF1FdAfFFBVSv9P+4vbcYql18drnp5EalgWvuexTZyHNtBcTiSqp2U08t5kFRscLsa1qvQbA4mHczPTxzMqdx8+kXHG/8qq31goZN/0fzoVs4eyIRD9GxAVEsk9wyW0Uof2m/0DMWtPI[[0;32m  OK  [0m] Stopped Unattended Upgrades Shutdown.
         Stopping Availability of block devices...
[[0;32m  OK  [0m] Closed Load/Save RF Kill Switch Status /dev/rfkill Watch.
[[0;32m  OK  [0m] Stopped target Graphical Interface.
[[0;32m  OK  [0m] Stopped target Cloud-init target.
[[0;32m  OK  [0m] Stopped Execute cloud user/final scripts.
         Stopping Accounts Service...
[[0;32m  OK  [0m] Stopped target Timers.
[[0;32m  OK  [0m] Stopped Discard unused blocks once a week.
[[0;32m  OK  [0m] Stopped Daily apt upgrade and clean activities.
[[0;32m  OK  [0m] Stopped Daily Cleanup of Temporary Directories.
[[0;32m  OK  [0m] Stopped Daily apt download activities.
[[0;32m  OK  [0m] Stopped Ubuntu Advantage Timer for running repeated jobs.
[[0;32m  OK  [0m] Stopped Message of the Day.
[[0;32m  OK  [0m] Stopped target System Time Synchronized.
         Stopping User Manager for UID 1000...
         Stopping Authorization Manager...
[[0;32m  OK  [0m] Stopped Apply the settings specified in cloud-config.
[[0;32m  OK  [0m] Stopped target Cloud-config availability.
[[0;32m  OK  [0m] Stopped target Multi-User System.
         Stopping Virtualbox guest utils...
         Stopping OpenBSD Secure Shell server         Stopping Session 5 of user vagrant.
         Stopping Regular background program processing daemon...
[[0;32m  OK  [0m] Unmounted /var/lib/lxcfs.
[[0;32m  OK  [0m] Stopped irqbalance daemon.
[[0;32m  OK  [0m] Stopped Accounts Service.
[[0;32m  OK  [0m] Stopped Regular background program processing daemon.
[[0;32m  OK  [0m] Stopped Deferred execution scheduler.
[[0;32m  OK  [0m] Stopped System Logging Service.
[[0;32m  OK  [0m] Stopped Dispatcher daemon for systemd-networkd.
[[0;32m  OK  [0m] Stopped Serial Getty on ttyS0.
[[0;32m  OK  [0m] Stopped Authorization Manager.
[[0;32m  OK  [0m] Stopped Getty on tty1.
[[0;32m  OK  [0m] Stopped OpenBSD Secure Shell server.
[[0;32m  OK  [0m] Stopped User Manager for UID 1000.
[[0;32m  OK  [0m] Stopped D-Bus System Message Bus.
[[0;32m  OK  [0m] Stopped FUSE filesystem for LXC.
[[0;32m  OK  [0m] Stopped Session 5 of user vagrant.
[[0;32m  OK  [0m] Removed slice User Slice of vagrant.
         Stopping Login Service...
[[0;32m  OK  [0m] Removed slice system-getty.slice.
[[0;32m  OK  [0m] Removed slice system-serial\x2dgetty.slice.
[[0;32m  OK  [0m] Stopped target Login Prompts (Pre).
         Stopping Permit User Sessions...
[[0;32m  OK  [0m] Stopped LXD - container startup/shutdown.
[[0;32m  OK  [0m] Stopped Permit User Sessions.
[[0;32m  OK  [0m] Stopped LSB: Record successful boot for GRUB.
[[0;32m  OK  [0m] Stopped Availability of block devices.
[[0;32m  OK  [0m] Stopped LSB: automatic crash report generation.
[[0;32m  OK  [0m] Stopped Login Service.
[[0;32m  OK  [0m] Stopped target User and Group Name Lookups.
[[0;32m  OK  [0m] Stopped Virtualbox guest utils.
[[0;32m  OK  [0m] Stopped The Apache HTTP Server.
[[0;32m  OK  [0m] Stopped target Basic System.
[[0;32m  OK  [0m] Stopped target Paths.
[[0;32m  OK  [0m] Stopped ACPI Events Check.
[[0;32m  OK  [0m] Stopped target Sockets.
[[0;32m  OK  [0m] Closed Syslog Socket.
[[0;32m  OK  [0m] Closed LXD - unix socket.
[[0;32m  OK  [0m] Closed D-Bus System Message Bus Socket.
[[0;32m  OK  [0m] Closed Open-iSCSI iscsid Socket.
[[0;32m  OK  [0m] Closed Socket activation for snappy daemon.
[[0;32m  OK  [0m] Closed cloud-init hotplug hook socket.
[[0;32m  OK  [0m] Closed UUID daemon activation socket.
[[0;32m  OK  [0m] Closed ACPID Listen Socket.
[[0;32m  OK  [0m] Stopped target Slices.
[[0;32m  OK  [0m] Removed slice User and Session Slice.
[[0;32m  OK  [0m] Stopped target Remote File Systems.
         Unmounting /vagrant...
         Unmounting /var/www/html...
[[0;32m  OK  [0m] Stopped target System Initialization.
[[0;32m  OK  [0m] Stopped Commit a transient machine-id on disk.
[[0;32m  OK  [0m] Stopped target Local Encrypted Volumes.
[[0;32m  OK  [0m] Stopped Dispatch Password Requests to Console Directory Watch.
[[0;32m  OK  [0m] Stopped Forward Password Requests to Wall Directory Watch.
         Stopping Update UTMP about System Boot/Shutdown...
         Stopping Load/Save Random Seed...
[[0;32m  OK  [0m] Stopped target Host and Network Name Lookups.
[[0;32m  OK  [0m] Unmounted /vagrant.
[[0;32m  OK  [0m] Unmounted /var/www/html.
[[0;32m  OK  [0m] Stopped target Network is Online.
[[0;32m  OK  [0m] Stopped target Network.
         Stopping Network Name Resolution...
[[0;32m  OK  [0m] Stopped Initial cloud-init job (metadata service crawler).
[[0;32m  OK  [0m] Stopped target Remote File Systems (Pre).
[[0;32m  OK  [0m] Stopped Load/Save Random Seed.
[[0;32m  OK  [0m] Stopped Update UTMP about System Boot/Shutdown.
[[0;32m  OK  [0m] Stopped Network Name Resolution.
[[0;32m  OK  [0m] Stopped Create Volatile Files and Directories.
[[0;32m  OK  [0m] Stopped target Local File Systems.
[[0;32m  OK  [0m] Stopped target Mounted snaps.
[[0;32m  OK  [0m] Stopped target Mounting snaps.
         Unmounting /run/user/1000...
         Stopping Network Service...
[[0;32m  OK  [0m] Unmounted /run/user/1000.
[[0;32m  OK  [0m] Reached target Unmount All Filesystems.
[[0;32m  OK  [0m] Stopped target Swap.
[[0;32m  OK  [0m] Stopped target Local File Systems (Pre).
[[0;32m  OK  [0m] Stopped Create Static Device Nodes in /dev.
         Stopping Monitoring of LVM2 mirrors…ng dmeventd or progress polling...
[[0;32m  OK  [0m] Stopped Network Service.
[[0;32m  OK  [0m] Stopped target Network (Pre).
[[0;32m  OK  [0m] Stopped Initial cloud-init job (pre-networking).
[[0;32m  OK  [0m] Stopped Remount Root and Kernel File Systems.
[[0;32m  OK  [0m] Stopped Apply Kernel Variables.
[[0;32m  OK  [0m] Stopped Load Kernel Modules.
[[0;32m  OK  [0m] Reached target Shutdown.
[[0;32m  OK  [0m] Reached target Final Step.
         Starting Power-Off...
[[0;32m  OK  [0m] Stopped Monitoring of LVM2 mirrors,…sing dmeventd or progress polling.
         Stopping LVM2 metadata daemon...
[[0;32m  OK  [0m] Stopped LVM2 metadata daemon.
[  493.168265] reboot: Power down
 Stopped target Local File Systems.
[[0;32m  OK  [0m] Stopped target Mounted snaps.
[[0;32m  OK  [0m] Stopped target Mounting snaps.
         Unmounting /run/user/1000...
[[0;32m  OK  [0m] Unmounted /run/user/1000.
[[0;32m  OK  [0m] Reached target Unmount All Filesystems.
[[0;32m  OK  [0m] Stopped target Local File Systems (Pre).
[[0;32m  OK  [0m] Stopped Create Static Device Nodes in /dev.
         Stopping Monitoring of LVM2 mirrors…ng dmeventd or progress polling...
[[0;32m  OK  [0m] Stopped target Swap.
[[0;32m  OK  [0m] Stopped Network Service.
[[0;32m  OK  [0m] Stopped target Network (Pre).
[[0;32m  OK  [0m] Stopped Initial cloud-init job (pre-networking).
[[0;32m  OK  [0m] Stopped Remount Root and Kernel File Systems.
[[0;32m  OK  [0m] Stopped Apply Kernel Variables.
[[0;32m  OK  [0m] Stopped Load Kernel Modules.
[[0;32m  OK  [0m] Reached target Shutdown.
[[0;32m  OK  [0m] Reached target Final Step.
         Starting Power-Off...
[  353.764323] reboot: Power down
